<?xml version="1.0" encoding="UTF-8"?>
<!-- Generated by org.testng.reporters.JUnitReportReporter -->
<testsuite hostname="LAPTOP-APNKRJ8C" failures="0" tests="1" name="TestNG.AnnotationTest" time="0.008" errors="0" timestamp="2024-04-08T17:35:23 IST" skipped="0">
  <testcase classname="TestNG.AnnotationTest" name="admin" time="0.008"/>
  <system-out/>
</testsuite> <!-- TestNG.AnnotationTest -->
