<?xml version="1.0" encoding="UTF-8"?>
<!-- Generated by org.testng.reporters.JUnitReportReporter -->
<testsuite hostname="LAPTOP-APNKRJ8C" failures="0" tests="2" name="TestNG.Dataproviderusingdiffclass" time="0.009" errors="0" timestamp="2024-04-17T10:22:49 IST" skipped="0">
  <testcase classname="TestNG.Dataproviderusingdiffclass" name="getread" time="0.009"/>
  <system-out>
    <![CDATA[qspider
bangalore]]>
  </system-out>
  <testcase classname="TestNG.Dataproviderusingdiffclass" name="getread" time="0.000"/>
  <system-out>
    <![CDATA[jspiders
mysore]]>
  </system-out>
</testsuite> <!-- TestNG.Dataproviderusingdiffclass -->
