<?xml version="1.0" encoding="UTF-8"?>
<!-- Generated by org.testng.reporters.JUnitReportReporter -->
<testsuite hostname="LAPTOP-APNKRJ8C" failures="0" tests="1" name="PATIENT.VerifyAppointment" time="10.278" errors="0" timestamp="2024-04-15T17:14:43 IST" skipped="0">
  <testcase classname="PATIENT.VerifyAppointment" name="addpat" time="10.278"/>
  <system-out>
    <![CDATA[execution starts from here
addpatpassed]]>
  </system-out>
</testsuite> <!-- PATIENT.VerifyAppointment -->
