<?xml version="1.0" encoding="UTF-8"?>
<!-- Generated by org.testng.reporters.JUnitReportReporter -->
<testsuite hostname="LAPTOP-APNKRJ8C" failures="0" tests="1" name="PATIENT.BookAppointment" time="17.681" errors="0" timestamp="2024-04-15T16:21:59 IST" skipped="0">
  <testcase classname="PATIENT.BookAppointment" name="addpat" time="17.681"/>
  <system-out>
    <![CDATA[execution starts from here
addpatpassed]]>
  </system-out>
</testsuite> <!-- PATIENT.BookAppointment -->
