<?xml version="1.0" encoding="UTF-8"?>
<!-- Generated by org.testng.reporters.JUnitReportReporter -->
<testsuite hostname="LAPTOP-APNKRJ8C" failures="0" tests="3" name="TestNG.Practicetest" time="0.014" errors="0" timestamp="2024-04-08T11:09:14 IST" skipped="0">
  <testcase classname="TestNG.Practicetest" name="createtest" time="0.011"/>
  <system-out/>
  <testcase classname="TestNG.Practicetest" name="edittest" time="0.001"/>
  <system-out/>
  <testcase classname="TestNG.Practicetest" name="deletetest" time="0.002"/>
  <system-out>
    <![CDATA[--delete--]]>
  </system-out>
</testsuite> <!-- TestNG.Practicetest -->
