<?xml version="1.0" encoding="UTF-8"?>
<!-- Generated by org.testng.reporters.JUnitReportReporter -->
<testsuite hostname="LAPTOP-APNKRJ8C" failures="0" tests="1" name="TestNG.AssertionTest" time="10.800" errors="0" timestamp="2024-04-12T11:30:25 IST" skipped="0">
  <testcase classname="TestNG.AssertionTest" name="hard" time="10.800"/>
  <system-out/>
</testsuite> <!-- TestNG.AssertionTest -->
