<?xml version="1.0" encoding="UTF-8"?>
<!-- Generated by org.testng.reporters.JUnitReportReporter -->
<testsuite hostname="LAPTOP-APNKRJ8C" failures="0" tests="2" name="TestNG.Dataprovidertest" time="0.008" errors="0" timestamp="2024-04-05T18:13:28 IST" skipped="0">
  <testcase classname="TestNG.Dataprovidertest" name="getdata" time="0.008"/>
  <system-out/>
  <testcase classname="TestNG.Dataprovidertest" name="getdata" time="0.000"/>
  <system-out/>
</testsuite> <!-- TestNG.Dataprovidertest -->
