<?xml version="1.0" encoding="UTF-8"?>
<!-- Generated by org.testng.reporters.JUnitReportReporter -->
<testsuite hostname="LAPTOP-APNKRJ8C" failures="0" tests="1" name="TestNG.SoftAssertTest" time="0.019" errors="0" timestamp="2024-04-12T11:37:59 IST" skipped="0">
  <testcase classname="TestNG.SoftAssertTest" name="stringvalue" time="0.019"/>
  <system-out/>
</testsuite> <!-- TestNG.SoftAssertTest -->
