<?xml version="1.0" encoding="UTF-8"?>
<!-- Generated by org.testng.reporters.JUnitReportReporter -->
<testsuite hostname="LAPTOP-APNKRJ8C" failures="0" tests="1" name="ADMIN.DeleteDoctorTest" time="4.875" errors="0" timestamp="2024-04-17T15:00:26 IST" skipped="0">
  <testcase classname="ADMIN.DeleteDoctorTest" name="deldoc" time="4.875"/>
  <system-out>
    <![CDATA[execution starts from here
deldocpassed]]>
  </system-out>
</testsuite> <!-- ADMIN.DeleteDoctorTest -->
